<?xml version="1.0" encoding="UTF-8"?>
<!-- Generated by org.testng.reporters.JUnitReportReporter -->
<testsuite hostname="EC2AMAZ-S11DBRH" failures="0" tests="1" name="runners.GooglePageRunner" time="5.797" errors="1" timestamp="2023-12-18T07:53:25 GMT" skipped="0">
  <testcase classname="runners.GooglePageRunner" name="runScenario" time="5.797">
    <error message="Keys to send should be a not null CharSequence" type="java.lang.IllegalArgumentException">
      <![CDATA[java.lang.IllegalArgumentException: Keys to send should be a not null CharSequence
at org.openqa.selenium.remote.RemoteWebElement.sendKeys(RemoteWebElement.java:97)
at stepDefs.UserLoginStepDef.user_enters_credentials(UserLoginStepDef.java:48)
at âœ½.User enters credentials(file:///C:/Users/Administrator/GitPro/CucumberProjectDemo15/src/test/resources/features/UserLogin.feature:25)
]]>
    </error>
  </testcase> <!-- runScenario -->
  <system-out/>
</testsuite> <!-- runners.GooglePageRunner -->
